<?xml version="1.0" encoding="UTF-8"?>
<!-- Generated by org.testng.reporters.JUnitReportReporter -->
<testsuite skipped="0" hostname="del1-lhp-n65010" name="demo.com.packt2.ExtentReportDemo" tests="1" failures="0" timestamp="14 Jan 2020 07:45:19 GMT" time="1.056" errors="0">
  <testcase name="loginTest" time="1.056" classname="demo.com.packt2.ExtentReportDemo"/>
</testsuite> <!-- demo.com.packt2.ExtentReportDemo -->
