<?xml version="1.0" encoding="UTF-8"?>
<!-- Generated by org.testng.reporters.JUnitReportReporter -->
<testsuite skipped="0" hostname="del1-lhp-n65010" name="demo.demo.demoForJenkins" tests="1" failures="0" timestamp="10 Jan 2020 08:05:45 GMT" time="0.033" errors="0">
  <testcase name="m" time="0.033" classname="demo.demo.demoForJenkins"/>
</testsuite> <!-- demo.demo.demoForJenkins -->
