<?xml version="1.0" encoding="UTF-8"?>
<!-- Generated by org.testng.reporters.JUnitReportReporter -->
<testsuite skipped="0" hostname="del1-lhp-n65010" name="demo.com.packt2.demoForJenkins2Test" tests="1" failures="0" timestamp="13 Jan 2020 11:57:02 GMT" time="0.016" errors="0">
  <testcase name="mTest" time="0.016" classname="demo.com.packt2.demoForJenkins2Test"/>
</testsuite> <!-- demo.com.packt2.demoForJenkins2Test -->
